EScooter_QR/build/intermediates/manifest_merge_blame_file/debug/manifest-merger-blame-debug-report.txt
1<?xml version="1.0" encoding="utf-8"?>
2<manifest xmlns:android="http://schemas.android.com/apk/res/android"
3    package="com.example.escooter_qr"
4    android:versionCode="1"
5    android:versionName="1.0" >
6
7    <uses-sdk
8        android:minSdkVersion="21"
8-->src\main\AndroidManifest.xml
9        android:targetSdkVersion="32" />
9-->src\main\AndroidManifest.xml
10
11    <uses-permission android:name="android.permission.ACCESS_FINE_LOCATION" />
11-->src\main\AndroidManifest.xml:5:5-78
11-->src\main\AndroidManifest.xml:5:22-76
12    <uses-permission android:name="android.permission.ACCESS_COARSE_LOCATION" />
12-->src\main\AndroidManifest.xml:6:5-80
12-->src\main\AndroidManifest.xml:6:22-78
13    <uses-permission android:name="android.permission.ACCESS_NETWORK" />
13-->src\main\AndroidManifest.xml:7:5-72
13-->src\main\AndroidManifest.xml:7:22-70
14
15    <!-- Include required permissions for Google Maps API to run. -->
16    <uses-permission android:name="android.permission.ACCESS_NETWORK_STATE" />
16-->[com.google.android.gms:play-services-maps:18.1.0] AndroidManifest.xml:23:5-79
16-->[com.google.android.gms:play-services-maps:18.1.0] AndroidManifest.xml:23:22-76
17    <uses-permission android:name="android.permission.INTERNET" />
17-->[com.google.android.gms:play-services-maps:18.1.0] AndroidManifest.xml:24:5-67
17-->[com.google.android.gms:play-services-maps:18.1.0] AndroidManifest.xml:24:22-64
18
19    <uses-feature
19-->[com.google.android.gms:play-services-maps:18.1.0] AndroidManifest.xml:26:5-28:35
20        android:glEsVersion="0x00020000"
20-->[com.google.android.gms:play-services-maps:18.1.0] AndroidManifest.xml:27:9-41
21        android:required="true" />
21-->[com.google.android.gms:play-services-maps:18.1.0] AndroidManifest.xml:28:9-32
22
23    <queries>
23-->[com.google.android.gms:play-services-maps:18.1.0] AndroidManifest.xml:30:5-34:15
24
25        <!-- Needs to be explicitly declared on Android R+ -->
26        <package android:name="com.google.android.apps.maps" />
26-->[com.google.android.gms:play-services-maps:18.1.0] AndroidManifest.xml:33:9-64
26-->[com.google.android.gms:play-services-maps:18.1.0] AndroidManifest.xml:33:18-61
27    </queries>
28
29    <application
29-->src\main\AndroidManifest.xml:10:5-26:19
30        android:allowBackup="true"
30-->src\main\AndroidManifest.xml:11:9-35
31        android:appComponentFactory="androidx.core.app.CoreComponentFactory"
31-->[androidx.core:core:1.8.0] AndroidManifest.xml:24:18-86
32        android:debuggable="true"
33        android:icon="@mipmap/ic_launcher"
33-->src\main\AndroidManifest.xml:12:9-43
34        android:label="@string/app_name"
34-->src\main\AndroidManifest.xml:13:9-41
35        android:roundIcon="@mipmap/ic_launcher_round"
35-->src\main\AndroidManifest.xml:14:9-54
36        android:supportsRtl="true"
36-->src\main\AndroidManifest.xml:15:9-35
37        android:testOnly="true"
38        android:theme="@style/Theme.EScooter_QR" >
38-->src\main\AndroidManifest.xml:16:9-49
39        <activity
39-->src\main\AndroidManifest.xml:17:9-25:20
40            android:name="com.example.escooter_qr.MainActivity"
40-->src\main\AndroidManifest.xml:18:13-41
41            android:exported="true" >
41-->src\main\AndroidManifest.xml:19:13-36
42            <intent-filter>
42-->src\main\AndroidManifest.xml:20:13-24:29
43                <action android:name="android.intent.action.MAIN" />
43-->src\main\AndroidManifest.xml:21:17-69
43-->src\main\AndroidManifest.xml:21:25-66
44
45                <category android:name="android.intent.category.LAUNCHER" />
45-->src\main\AndroidManifest.xml:23:17-77
45-->src\main\AndroidManifest.xml:23:27-74
46            </intent-filter>
47        </activity>
48        <!-- Needs to be explicitly declared on P+ -->
49        <uses-library
49-->[com.google.android.gms:play-services-maps:18.1.0] AndroidManifest.xml:39:9-41:40
50            android:name="org.apache.http.legacy"
50-->[com.google.android.gms:play-services-maps:18.1.0] AndroidManifest.xml:40:13-50
51            android:required="false" />
51-->[com.google.android.gms:play-services-maps:18.1.0] AndroidManifest.xml:41:13-37
52
53        <service
53-->[com.google.firebase:firebase-database:20.0.4] AndroidManifest.xml:29:9-35:19
54            android:name="com.google.firebase.components.ComponentDiscoveryService"
54-->[com.google.firebase:firebase-database:20.0.4] AndroidManifest.xml:30:13-84
55            android:directBootAware="true"
55-->[com.google.firebase:firebase-common:20.1.0] AndroidManifest.xml:35:13-43
56            android:exported="false" >
56-->[com.google.firebase:firebase-database:20.0.4] AndroidManifest.xml:31:13-37
57            <meta-data
57-->[com.google.firebase:firebase-database:20.0.4] AndroidManifest.xml:32:13-34:85
58                android:name="com.google.firebase.components:com.google.firebase.database.DatabaseRegistrar"
58-->[com.google.firebase:firebase-database:20.0.4] AndroidManifest.xml:33:17-109
59                android:value="com.google.firebase.components.ComponentRegistrar" />
59-->[com.google.firebase:firebase-database:20.0.4] AndroidManifest.xml:34:17-82
60        </service>
61
62        <activity
62-->[com.google.android.gms:play-services-base:18.0.1] AndroidManifest.xml:20:9-22:45
63            android:name="com.google.android.gms.common.api.GoogleApiActivity"
63-->[com.google.android.gms:play-services-base:18.0.1] AndroidManifest.xml:20:19-85
64            android:exported="false"
64-->[com.google.android.gms:play-services-base:18.0.1] AndroidManifest.xml:22:19-43
65            android:theme="@android:style/Theme.Translucent.NoTitleBar" />
65-->[com.google.android.gms:play-services-base:18.0.1] AndroidManifest.xml:21:19-78
66
67        <provider
67-->[com.google.firebase:firebase-common:20.1.0] AndroidManifest.xml:26:9-31:39
68            android:name="com.google.firebase.provider.FirebaseInitProvider"
68-->[com.google.firebase:firebase-common:20.1.0] AndroidManifest.xml:27:13-77
69            android:authorities="com.example.escooter_qr.firebaseinitprovider"
69-->[com.google.firebase:firebase-common:20.1.0] AndroidManifest.xml:28:13-72
70            android:directBootAware="true"
70-->[com.google.firebase:firebase-common:20.1.0] AndroidManifest.xml:29:13-43
71            android:exported="false"
71-->[com.google.firebase:firebase-common:20.1.0] AndroidManifest.xml:30:13-37
72            android:initOrder="100" />
72-->[com.google.firebase:firebase-common:20.1.0] AndroidManifest.xml:31:13-36
73
74        <meta-data
74-->[com.google.android.gms:play-services-basement:18.0.0] AndroidManifest.xml:21:9-23:69
75            android:name="com.google.android.gms.version"
75-->[com.google.android.gms:play-services-basement:18.0.0] AndroidManifest.xml:22:13-58
76            android:value="@integer/google_play_services_version" />
76-->[com.google.android.gms:play-services-basement:18.0.0] AndroidManifest.xml:23:13-66
77
78        <provider
78-->[androidx.emoji2:emoji2:1.2.0] AndroidManifest.xml:24:9-32:20
79            android:name="androidx.startup.InitializationProvider"
79-->[androidx.emoji2:emoji2:1.2.0] AndroidManifest.xml:25:13-67
80            android:authorities="com.example.escooter_qr.androidx-startup"
80-->[androidx.emoji2:emoji2:1.2.0] AndroidManifest.xml:26:13-68
81            android:exported="false" >
81-->[androidx.emoji2:emoji2:1.2.0] AndroidManifest.xml:27:13-37
82            <meta-data
82-->[androidx.emoji2:emoji2:1.2.0] AndroidManifest.xml:29:13-31:52
83                android:name="androidx.emoji2.text.EmojiCompatInitializer"
83-->[androidx.emoji2:emoji2:1.2.0] AndroidManifest.xml:30:17-75
84                android:value="androidx.startup" />
84-->[androidx.emoji2:emoji2:1.2.0] AndroidManifest.xml:31:17-49
85            <meta-data
85-->[androidx.lifecycle:lifecycle-process:2.4.1] AndroidManifest.xml:31:13-33:52
86                android:name="androidx.lifecycle.ProcessLifecycleInitializer"
86-->[androidx.lifecycle:lifecycle-process:2.4.1] AndroidManifest.xml:32:17-78
87                android:value="androidx.startup" />
87-->[androidx.lifecycle:lifecycle-process:2.4.1] AndroidManifest.xml:33:17-49
88        </provider>
89    </application>
90
91</manifest>